<?xml version='1.0' encoding='UTF-8'?>
<testsuite hostname="marvin" name="DesugarTests" tests="45" errors="0" failures="0" skipped="0" time="0.242" timestamp="2025-01-08T13:37:26">
          <properties>
      <property name="awt.toolkit" value="sun.awt.X11.XToolkit"/><property name="java.specification.version" value="11"/><property name="sun.cpu.isalist" value=""/><property name="sun.jnu.encoding" value="UTF-8"/><property name="sun.arch.data.model" value="64"/><property name="java.vendor.url" value="https://adoptium.net/"/><property name="sun.boot.library.path" value="/home/h00pyfr00d/.cache/coursier/arc/https/github.com/adoptium/temurin11-binaries/releases/download/jdk-11.0.24%252B8/OpenJDK11U-jdk_x64_linux_hotspot_11.0.24_8.tar.gz/jdk-11.0.24+8/lib"/><property name="sun.java.command" value="/home/h00pyfr00d/.cache/coursier/arc/https/github.com/sbt/sbt/releases/download/v1.10.6/sbt-1.10.6.zip/sbt/bin/sbt-launch.jar clean coverage test coverageReport"/><property name="jdk.debug" value="release"/><property name="java.specification.vendor" value="Oracle Corporation"/><property name="java.version.date" value="2024-07-16"/><property name="java.home" value="/home/h00pyfr00d/.cache/coursier/arc/https/github.com/adoptium/temurin11-binaries/releases/download/jdk-11.0.24%252B8/OpenJDK11U-jdk_x64_linux_hotspot_11.0.24_8.tar.gz/jdk-11.0.24+8"/><property name="file.separator" value="/"/><property name="java.vm.compressedOopsMode" value="32-bit"/><property name="line.separator" value="
"/><property name="java.specification.name" value="Java Platform API Specification"/><property name="java.vm.specification.vendor" value="Oracle Corporation"/><property name="sun.management.compiler" value="HotSpot 64-Bit Tiered Compilers"/><property name="java.runtime.version" value="11.0.24+8"/><property name="user.name" value="h00pyfr00d"/><property name="log4j.ignoreTCL" value="true"/><property name="file.encoding" value="UTF-8"/><property name="jnidispatch.path" value="/home/h00pyfr00d/.cache/JNA/temp/jna827205567486607454.tmp"/><property name="java.vendor.version" value="Temurin-11.0.24+8"/><property name="jna.loaded" value="true"/><property name="java.io.tmpdir" value="/tmp"/><property name="java.version" value="11.0.24"/><property name="java.vm.specification.name" value="Java Virtual Machine Specification"/><property name="java.awt.printerjob" value="sun.print.PSPrinterJob"/><property name="sun.os.patch.level" value="unknown"/><property name="java.library.path" value="/usr/java/packages/lib:/usr/lib64:/lib64:/lib:/usr/lib"/><property name="java.vendor" value="Eclipse Adoptium"/><property name="java.specification.maintenance.version" value="2"/><property name="scala.ext.dirs" value="/home/h00pyfr00d/.sbt/1.0/java9-rt-ext-eclipse_adoptium_11_0_24"/><property name="sun.io.unicode.encoding" value="UnicodeLittle"/><property name="sun.desktop" value="gnome"/><property name="java.class.path" value="/home/h00pyfr00d/.cache/coursier/arc/https/github.com/sbt/sbt/releases/download/v1.10.6/sbt-1.10.6.zip/sbt/bin/sbt-launch.jar"/><property name="java.vm.vendor" value="Eclipse Adoptium"/><property name="jline.shutdownhook" value="false"/><property name="user.timezone" value="Europe/London"/><property name="os.name" value="Linux"/><property name="java.vm.specification.version" value="11"/><property name="sun.java.launcher" value="SUN_STANDARD"/><property name="user.country" value="GB"/><property name="sun.cpu.endian" value="little"/><property name="user.home" value="/home/h00pyfr00d"/><property name="user.language" value="en"/><property name="sbt.script" value="/home/h00pyfr00d/.cache/coursier/arc/https/github.com/sbt/sbt/releases/download/v1.10.6/sbt-1.10.6.zip/sbt/bin/sbt"/><property name="sbt.ipcsocket.tmpdir" value="/run/user/1000/.sbte566036d/ipcsocket"/><property name="swoval.tmpdir" value="/run/user/1000/.sbte566036d/swoval"/><property name="java.awt.graphicsenv" value="sun.awt.X11GraphicsEnvironment"/><property name="jline.esc.timeout" value="0"/><property name="path.separator" value=":"/><property name="os.version" value="6.8.0-51-generic"/><property name="jna.nosys" value="true"/><property name="java.runtime.name" value="OpenJDK Runtime Environment"/><property name="java.vm.name" value="OpenJDK 64-Bit Server VM"/><property name="jna.platform.library.path" value="/usr/lib/x86_64-linux-gnu:/lib/x86_64-linux-gnu:/usr/lib64:/lib64:/usr/lib:/lib:/lib/i386-linux-gnu:/usr/lib/x86_64-linux-gnu/libfakeroot"/><property name="java.vendor.url.bug" value="https://github.com/adoptium/adoptium-support/issues"/><property name="user.dir" value="/home/h00pyfr00d/Documents/software-testing"/><property name="os.arch" value="amd64"/><property name="java.vm.info" value="mixed mode"/><property name="java.vm.version" value="11.0.24+8"/><property name="java.class.version" value="55.0"/>
    </properties>
          <testcase classname="DesugarTests" name="Value" time="0.019">
                      
                    </testcase><testcase classname="DesugarTests" name="Unit" time="0.0">
                      
                    </testcase><testcase classname="DesugarTests" name="Int" time="0.0">
                      
                    </testcase><testcase classname="DesugarTests" name="Plus" time="0.0">
                      
                    </testcase><testcase classname="DesugarTests" name="Minus" time="0.0">
                      
                    </testcase><testcase classname="DesugarTests" name="Times" time="0.001">
                      
                    </testcase><testcase classname="DesugarTests" name="Bool" time="0.001">
                      
                    </testcase><testcase classname="DesugarTests" name="Eq" time="0.002">
                      
                    </testcase><testcase classname="DesugarTests" name="Less" time="0.0">
                      
                    </testcase><testcase classname="DesugarTests" name="IfThenElse" time="0.0">
                      
                    </testcase><testcase classname="DesugarTests" name="Str" time="0.0">
                      
                    </testcase><testcase classname="DesugarTests" name="Length" time="0.0">
                      
                    </testcase><testcase classname="DesugarTests" name="Index" time="0.0">
                      
                    </testcase><testcase classname="DesugarTests" name="Concat" time="0.003">
                      
                    </testcase><testcase classname="DesugarTests" name="Var" time="0.0">
                      
                    </testcase><testcase classname="DesugarTests" name="Let" time="0.001">
                      
                    </testcase><testcase classname="DesugarTests" name="Anno" time="0.002">
                      
                    </testcase><testcase classname="DesugarTests" name="Lambda" time="0.0">
                      
                    </testcase><testcase classname="DesugarTests" name="Apply" time="0.0">
                      
                    </testcase><testcase classname="DesugarTests" name="Rec" time="0.001">
                      
                    </testcase><testcase classname="DesugarTests" name="Pair" time="0.0">
                      
                    </testcase><testcase classname="DesugarTests" name="First" time="0.001">
                      
                    </testcase><testcase classname="DesugarTests" name="Second" time="0.0">
                      
                    </testcase><testcase classname="DesugarTests" name="Record" time="0.001">
                      
                    </testcase><testcase classname="DesugarTests" name="Proj" time="0.0">
                      
                    </testcase><testcase classname="DesugarTests" name="Variant" time="0.0">
                      
                    </testcase><testcase classname="DesugarTests" name="Case" time="0.001">
                      
                    </testcase><testcase classname="DesugarTests" name="Bag" time="0.0">
                      
                    </testcase><testcase classname="DesugarTests" name="FlatMap" time="0.001">
                      
                    </testcase><testcase classname="DesugarTests" name="When" time="0.0">
                      
                    </testcase><testcase classname="DesugarTests" name="Sum" time="0.001">
                      
                    </testcase><testcase classname="DesugarTests" name="Diff" time="0.0">
                      
                    </testcase><testcase classname="DesugarTests" name="Count" time="0.001">
                      
                    </testcase><testcase classname="DesugarTests" name="Empty Comprehension" time="0.0">
                      
                    </testcase><testcase classname="DesugarTests" name="Comprehension w/ Bind" time="0.001">
                      
                    </testcase><testcase classname="DesugarTests" name="Comprehension w/ Guard" time="0.0">
                      
                    </testcase><testcase classname="DesugarTests" name="Comprehension w/ CLet" time="0.001">
                      
                    </testcase><testcase classname="DesugarTests" name="Unexpected Pattern in Comprehension" time="0.0">
                      
                    </testcase><testcase classname="DesugarTests" name="LetPair" time="0.101">
                      
                    </testcase><testcase classname="DesugarTests" name="LetFun" time="0.001">
                      
                    </testcase><testcase classname="DesugarTests" name="LetRec" time="0.0">
                      
                    </testcase><testcase classname="DesugarTests" name="LetRecord" time="0.101">
                      
                    </testcase><testcase classname="DesugarTests" name="Bind w/o Comprehension" time="0.001">
                      
                    </testcase><testcase classname="DesugarTests" name="Guard w/o Comprehension" time="0.0">
                      
                    </testcase><testcase classname="DesugarTests" name="CLet w/o Comprehension" time="0.0">
                      
                    </testcase>
          <system-out><![CDATA[]]></system-out>
          <system-err><![CDATA[]]></system-err>
        </testsuite>